[vite] connecting... client:827:9
[vite] connected. client:931:12
[vite] hot updated: /src/layouts/BaseHeader.vue?vue&type=style&index=0&scoped=21f9b015&lang.css client:906:29
[Vue warn]: Component inside <Transition> renders non-element root node that cannot be animated. 
  at <PostDetail onVnodeUnmounted=fn<onVnodeUnmounted> ref=Ref< null > key="/blog/жµЛиѓХ_default/blog/жµЛиѓХ" > 
  at <BaseTransition mode="out-in" appear=false persisted=false  ... > 
  at <Transition name="fade-transform" mode="out-in" > 
  at <BaseLayout layout-mode="guest" sidebar-items= 
Array []
 show-footer=true > 
  at <GuestLayout> 
  at <RouterView> 
  at <LoadingBarProvider> 
  at <NotificationProvider> 
  at <DialogProvider> 
  at <MessageProvider> 
  at <ConfigProvider theme=null theme-overrides= 
Object { common: {вА¶}, Progress: {вА¶}, Tag: {вА¶}, Button: {вА¶}, Popover: {вА¶}, Select: {вА¶}, InternalSelectMenu: {вА¶}, Pagination: {вА¶} }
 locale= 
Object { name: "zh-CN", global: {вА¶}, Popconfirm: {вА¶}, Cascader: {вА¶}, Time: {вА¶}, DatePicker: {вА¶}, DataTable: {вА¶}, LegacyTransfer: {вА¶}, Transfer: {вА¶}, Empty: {вА¶}, вА¶ }
  ... > 
  at <App> vue.runtime.esm-bundler-KoyTRBhz.js:1746:11
[Vue warn]: Component inside <Transition> renders non-element root node that cannot be animated. 
  at <PostDetail onVnodeUnmounted=fn<onVnodeUnmounted> ref=Ref< 
Proxy { <target>: Proxy, <handler>: {вА¶} }
 > key="/blog/жµЛиѓХ_default/blog/жµЛиѓХ" > 
  at <BaseTransition mode="out-in" appear=false persisted=false  ... > 
  at <Transition name="fade-transform" mode="out-in" > 
  at <BaseLayout layout-mode="guest" sidebar-items= 
Array []
 show-footer=true > 
  at <GuestLayout> 
  at <RouterView> 
  at <LoadingBarProvider> 
  at <NotificationProvider> 
  at <DialogProvider> 
  at <MessageProvider> 
  at <ConfigProvider theme=null theme-overrides= 
Object { common: {вА¶}, Progress: {вА¶}, Tag: {вА¶}, Button: {вА¶}, Popover: {вА¶}, Select: {вА¶}, InternalSelectMenu: {вА¶}, Pagination: {вА¶} }
 locale= 
Object { name: "zh-CN", global: {вА¶}, Popconfirm: {вА¶}, Cascader: {вА¶}, Time: {вА¶}, DatePicker: {вА¶}, DataTable: {вА¶}, LegacyTransfer: {вА¶}, Transfer: {вА¶}, Empty: {вА¶}, вА¶ }
  ... > 
  at <App> vue.runtime.esm-bundler-KoyTRBhz.js:1746:11
[vite] hot updated: /src/layouts/BaseHeader.vue?vue&type=style&index=0&scoped=21f9b015&lang.css client:906:29
